<?xml version="1.0" encoding="UTF-8"?>
<testsuite name="com.stockport.server.client.StockApiClientTest" tests="1" skipped="0" failures="0" errors="0" timestamp="2025-09-19T12:03:53.229Z" hostname="jeongyunui-MacBookAir.local" time="1.107">
  <properties/>
  <testcase name="testFetchAllByBasDT()" classname="com.stockport.server.client.StockApiClientTest" time="1.107"/>
  <system-out><![CDATA[21:03:51.547 [Test worker] INFO org.springframework.test.context.support.AnnotationConfigContextLoaderUtils -- Could not detect default configuration classes for test class [com.stockport.server.client.StockApiClientTest]: StockApiClientTest does not declare any static, non-private, non-final, nested classes annotated with @Configuration.
21:03:51.603 [Test worker] INFO org.springframework.boot.test.context.SpringBootTestContextBootstrapper -- Found @SpringBootConfiguration com.stockport.server.ServerApplication for test class com.stockport.server.client.StockApiClientTest

  .   ____          _            __ _ _
 /\\ / ___'_ __ _ _(_)_ __  __ _ \ \ \ \
( ( )\___ | '_ | '_| | '_ \/ _` | \ \ \ \
 \\/  ___)| |_)| | | | | || (_| |  ) ) ) )
  '  |____| .__|_| |_|_| |_\__, | / / / /
 =========|_|==============|___/=/_/_/_/

 :: Spring Boot ::                (v3.5.5)

2025-09-19T21:03:51.789+09:00  INFO 27603 --- [    Test worker] c.s.server.client.StockApiClientTest     : Starting StockApiClientTest using Java 17.0.12 with PID 27603 (started by noh-jeongyun in /Users/noh-jeongyun/Desktop/stockport)
2025-09-19T21:03:51.790+09:00  INFO 27603 --- [    Test worker] c.s.server.client.StockApiClientTest     : No active profile set, falling back to 1 default profile: "default"
2025-09-19T21:03:52.051+09:00  INFO 27603 --- [    Test worker] .s.d.r.c.RepositoryConfigurationDelegate : Bootstrapping Spring Data JPA repositories in DEFAULT mode.
2025-09-19T21:03:52.076+09:00  INFO 27603 --- [    Test worker] .s.d.r.c.RepositoryConfigurationDelegate : Finished Spring Data repository scanning in 20 ms. Found 2 JPA repository interfaces.
2025-09-19T21:03:52.220+09:00  INFO 27603 --- [    Test worker] com.zaxxer.hikari.HikariDataSource       : HikariPool-1 - Starting...
2025-09-19T21:03:52.302+09:00  INFO 27603 --- [    Test worker] com.zaxxer.hikari.pool.HikariPool        : HikariPool-1 - Added connection conn0: url=jdbc:h2:mem:testdb user=SA
2025-09-19T21:03:52.303+09:00  INFO 27603 --- [    Test worker] com.zaxxer.hikari.HikariDataSource       : HikariPool-1 - Start completed.
2025-09-19T21:03:52.329+09:00  INFO 27603 --- [    Test worker] o.hibernate.jpa.internal.util.LogHelper  : HHH000204: Processing PersistenceUnitInfo [name: default]
2025-09-19T21:03:52.358+09:00  INFO 27603 --- [    Test worker] org.hibernate.Version                    : HHH000412: Hibernate ORM core version 6.6.26.Final
2025-09-19T21:03:52.376+09:00  INFO 27603 --- [    Test worker] o.h.c.internal.RegionFactoryInitiator    : HHH000026: Second-level cache disabled
2025-09-19T21:03:52.499+09:00  INFO 27603 --- [    Test worker] o.s.o.j.p.SpringPersistenceUnitInfo      : No LoadTimeWeaver setup: ignoring JPA class transformer
2025-09-19T21:03:52.534+09:00  INFO 27603 --- [    Test worker] org.hibernate.orm.connections.pooling    : HHH10001005: Database info:
	Database JDBC URL [Connecting through datasource 'HikariDataSource (HikariPool-1)']
	Database driver: undefined/unknown
	Database version: 2.3.232
	Autocommit mode: undefined/unknown
	Isolation level: undefined/unknown
	Minimum pool size: undefined/unknown
	Maximum pool size: undefined/unknown
2025-09-19T21:03:52.900+09:00  INFO 27603 --- [    Test worker] o.h.e.t.j.p.i.JtaPlatformInitiator       : HHH000489: No JTA platform available (set 'hibernate.transaction.jta.platform' to enable JTA platform integration)
2025-09-19T21:03:52.921+09:00  INFO 27603 --- [    Test worker] j.LocalContainerEntityManagerFactoryBean : Initialized JPA EntityManagerFactory for persistence unit 'default'
2025-09-19T21:03:53.051+09:00  WARN 27603 --- [    Test worker] JpaBaseConfiguration$JpaWebConfiguration : spring.jpa.open-in-view is enabled by default. Therefore, database queries may be performed during view rendering. Explicitly configure spring.jpa.open-in-view to disable this warning
2025-09-19T21:03:53.182+09:00  INFO 27603 --- [    Test worker] o.s.b.a.h2.H2ConsoleAutoConfiguration    : H2 console available at '/h2-console'. Database available at 'jdbc:h2:mem:testdb'
2025-09-19T21:03:53.223+09:00  INFO 27603 --- [    Test worker] c.s.server.client.StockApiClientTest     : Started StockApiClientTest in 1.555 seconds (process running for 2.016)
]]></system-out>
  <system-err><![CDATA[]]></system-err>
</testsuite>
