<?xml version="1.0" encoding="UTF-8"?>
<testsuite name="com.stockport.server.ServerApplicationTests" tests="1" skipped="0" failures="0" errors="0" timestamp="2025-09-15T13:26:15.505Z" hostname="jeongyunui-MacBookAir.local" time="0.262">
  <properties/>
  <testcase name="contextLoads()" classname="com.stockport.server.ServerApplicationTests" time="0.262"/>
  <system-out><![CDATA[22:26:14.393 [Test worker] INFO org.springframework.test.context.support.AnnotationConfigContextLoaderUtils -- Could not detect default configuration classes for test class [com.stockport.server.ServerApplicationTests]: ServerApplicationTests does not declare any static, non-private, non-final, nested classes annotated with @Configuration.
22:26:14.436 [Test worker] INFO org.springframework.boot.test.context.SpringBootTestContextBootstrapper -- Found @SpringBootConfiguration com.stockport.server.ServerApplication for test class com.stockport.server.ServerApplicationTests

  .   ____          _            __ _ _
 /\\ / ___'_ __ _ _(_)_ __  __ _ \ \ \ \
( ( )\___ | '_ | '_| | '_ \/ _` | \ \ \ \
 \\/  ___)| |_)| | | | | || (_| |  ) ) ) )
  '  |____| .__|_| |_|_| |_\__, | / / / /
 =========|_|==============|___/=/_/_/_/

 :: Spring Boot ::                (v3.5.5)

2025-09-15T22:26:14.597+09:00  INFO 13775 --- [    Test worker] c.s.server.ServerApplicationTests        : Starting ServerApplicationTests using Java 17.0.12 with PID 13775 (started by noh-jeongyun in /Users/noh-jeongyun/Desktop/stockport)
2025-09-15T22:26:14.598+09:00  INFO 13775 --- [    Test worker] c.s.server.ServerApplicationTests        : No active profile set, falling back to 1 default profile: "default"
2025-09-15T22:26:14.814+09:00  INFO 13775 --- [    Test worker] .s.d.r.c.RepositoryConfigurationDelegate : Bootstrapping Spring Data JPA repositories in DEFAULT mode.
2025-09-15T22:26:14.823+09:00  INFO 13775 --- [    Test worker] .s.d.r.c.RepositoryConfigurationDelegate : Finished Spring Data repository scanning in 5 ms. Found 0 JPA repository interfaces.
2025-09-15T22:26:14.938+09:00  INFO 13775 --- [    Test worker] com.zaxxer.hikari.HikariDataSource       : HikariPool-1 - Starting...
2025-09-15T22:26:15.006+09:00  INFO 13775 --- [    Test worker] com.zaxxer.hikari.pool.HikariPool        : HikariPool-1 - Added connection conn0: url=jdbc:h2:mem:testdb user=SA
2025-09-15T22:26:15.006+09:00  INFO 13775 --- [    Test worker] com.zaxxer.hikari.HikariDataSource       : HikariPool-1 - Start completed.
2025-09-15T22:26:15.022+09:00  INFO 13775 --- [    Test worker] o.hibernate.jpa.internal.util.LogHelper  : HHH000204: Processing PersistenceUnitInfo [name: default]
2025-09-15T22:26:15.040+09:00  INFO 13775 --- [    Test worker] org.hibernate.Version                    : HHH000412: Hibernate ORM core version 6.6.26.Final
2025-09-15T22:26:15.053+09:00  INFO 13775 --- [    Test worker] o.h.c.internal.RegionFactoryInitiator    : HHH000026: Second-level cache disabled
2025-09-15T22:26:15.144+09:00  INFO 13775 --- [    Test worker] o.s.o.j.p.SpringPersistenceUnitInfo      : No LoadTimeWeaver setup: ignoring JPA class transformer
2025-09-15T22:26:15.171+09:00  INFO 13775 --- [    Test worker] org.hibernate.orm.connections.pooling    : HHH10001005: Database info:
	Database JDBC URL [Connecting through datasource 'HikariDataSource (HikariPool-1)']
	Database driver: undefined/unknown
	Database version: 2.3.232
	Autocommit mode: undefined/unknown
	Isolation level: undefined/unknown
	Minimum pool size: undefined/unknown
	Maximum pool size: undefined/unknown
2025-09-15T22:26:15.282+09:00  INFO 13775 --- [    Test worker] o.h.e.t.j.p.i.JtaPlatformInitiator       : HHH000489: No JTA platform available (set 'hibernate.transaction.jta.platform' to enable JTA platform integration)
2025-09-15T22:26:15.284+09:00  INFO 13775 --- [    Test worker] j.LocalContainerEntityManagerFactoryBean : Initialized JPA EntityManagerFactory for persistence unit 'default'
2025-09-15T22:26:15.330+09:00  WARN 13775 --- [    Test worker] JpaBaseConfiguration$JpaWebConfiguration : spring.jpa.open-in-view is enabled by default. Therefore, database queries may be performed during view rendering. Explicitly configure spring.jpa.open-in-view to disable this warning
2025-09-15T22:26:15.463+09:00  INFO 13775 --- [    Test worker] o.s.b.a.h2.H2ConsoleAutoConfiguration    : H2 console available at '/h2-console'. Database available at 'jdbc:h2:mem:testdb'
2025-09-15T22:26:15.500+09:00  INFO 13775 --- [    Test worker] c.s.server.ServerApplicationTests        : Started ServerApplicationTests in 1.001 seconds (process running for 1.424)
]]></system-out>
  <system-err><![CDATA[]]></system-err>
</testsuite>
